C:\Users\Andrei\Dropbox\Projects\systemc01\Debug\systemc01.exe
C:\Users\Andrei\Dropbox\Projects\systemc01\Debug\systemc01.ilk
C:\Users\Andrei\Dropbox\Projects\systemc01\Debug\systemc01.pdb
C:\Users\Andrei\Dropbox\Projects\systemc01\systemc01\Debug\cl.command.1.tlog
C:\Users\Andrei\Dropbox\Projects\systemc01\systemc01\Debug\CL.read.1.tlog
C:\Users\Andrei\Dropbox\Projects\systemc01\systemc01\Debug\CL.write.1.tlog
C:\Users\Andrei\Dropbox\Projects\systemc01\systemc01\Debug\link.command.1.tlog
C:\Users\Andrei\Dropbox\Projects\systemc01\systemc01\Debug\link.read.1.tlog
C:\Users\Andrei\Dropbox\Projects\systemc01\systemc01\Debug\link.write.1.tlog
C:\Users\Andrei\Dropbox\Projects\systemc01\systemc01\Debug\link-cvtres.read.1.tlog
C:\Users\Andrei\Dropbox\Projects\systemc01\systemc01\Debug\link-cvtres.write.1.tlog
C:\USERS\ANDREI\DROPBOX\PROJECTS\SYSTEMC01\SYSTEMC01\DEBUG\MAIN.OBJ
C:\Users\Andrei\Dropbox\Projects\systemc01\systemc01\Debug\mt.command.1.tlog
C:\Users\Andrei\Dropbox\Projects\systemc01\systemc01\Debug\mt.read.1.tlog
C:\Users\Andrei\Dropbox\Projects\systemc01\systemc01\Debug\mt.write.1.tlog
C:\Users\Andrei\Dropbox\Projects\systemc01\systemc01\Debug\rc.command.1.tlog
C:\Users\Andrei\Dropbox\Projects\systemc01\systemc01\Debug\rc.read.1.tlog
C:\Users\Andrei\Dropbox\Projects\systemc01\systemc01\Debug\rc.write.1.tlog
C:\USERS\ANDREI\DROPBOX\PROJECTS\SYSTEMC01\SYSTEMC01\DEBUG\SYSTEMC01.EXE.EMBED.MANIFEST
C:\USERS\ANDREI\DROPBOX\PROJECTS\SYSTEMC01\SYSTEMC01\DEBUG\SYSTEMC01.EXE.EMBED.MANIFEST.RES
C:\Users\Andrei\Dropbox\Projects\systemc01\systemc01\Debug\systemc01.exe.intermediate.manifest
C:\Users\Andrei\Dropbox\Projects\systemc01\systemc01\Debug\systemc01_manifest.rc
C:\Users\Andrei\Dropbox\Projects\systemc01\systemc01\Debug\vc100.idb
C:\USERS\ANDREI\DROPBOX\PROJECTS\SYSTEMC01\SYSTEMC01\DEBUG\VC100.PDB
