Build started 10/15/2012 10:08:35 AM.
     1>Project "C:\Users\Andrei\Dropbox\Projects\systemc01\systemc01\systemc01.vcxproj" on node 2 (rebuild target(s)).
     1>_PrepareForClean:
         Deleting file "Debug\systemc01.lastbuildstate".
       InitializeBuildStatus:
         Touching "Debug\systemc01.unsuccessfulbuild".
       ClCompile:
         C:\Program Files (x86)\Microsoft Visual Studio 10.0\VC\bin\CL.exe /c /I"c:\Users\Andrei\systemc-2.2.0\msvc71\..\src" /ZI /nologo /W3 /WX- /Od /Oy- /D WIN32 /D _DEBUG /D _CONSOLE /D _UNICODE /D UNICODE /Gm /EHsc /RTC1 /MTd /GS /fp:precise /Zc:wchar_t /Zc:forScope /GR /Fo"Debug\\" /Fd"Debug\vc100.pdb" /Gd /TP /analyze- /errorReport:prompt main.cpp /vmg 
         main.cpp
     1>c:\users\andrei\systemc-2.2.0\src\sysc\datatypes\int\sc_nbutils.h(85): warning C4996: 'sprintf': This function or variable may be unsafe. Consider using sprintf_s instead. To disable deprecation, use _CRT_SECURE_NO_WARNINGS. See online help for details.
                 c:\program files (x86)\microsoft visual studio 10.0\vc\include\stdio.h(371) : see declaration of 'sprintf'
       ManifestResourceCompile:
         C:\Program Files (x86)\Microsoft SDKs\Windows\v7.0A\bin\rc.exe /nologo /fo"Debug\systemc01.exe.embed.manifest.res" Debug\systemc01_manifest.rc 
       Link:
         C:\Program Files (x86)\Microsoft Visual Studio 10.0\VC\bin\link.exe /ERRORREPORT:PROMPT /OUT:"C:\Users\Andrei\Dropbox\Projects\systemc01\Debug\systemc01.exe" /INCREMENTAL /NOLOGO /LIBPATH:"c:\Users\Andrei\systemc-2.2.0\msvc71\SystemC\Debug" SystemC.lib kernel32.lib user32.lib gdi32.lib winspool.lib comdlg32.lib advapi32.lib shell32.lib ole32.lib oleaut32.lib uuid.lib odbc32.lib odbccp32.lib /MANIFEST /ManifestFile:"Debug\systemc01.exe.intermediate.manifest" /MANIFESTUAC:"level='asInvoker' uiAccess='false'" /DEBUG /PDB:"C:\Users\Andrei\Dropbox\Projects\systemc01\Debug\systemc01.pdb" /SUBSYSTEM:CONSOLE /TLBID:1 /DYNAMICBASE /NXCOMPAT /IMPLIB:"C:\Users\Andrei\Dropbox\Projects\systemc01\Debug\systemc01.lib" /MACHINE:X86 Debug\systemc01.exe.embed.manifest.res
         Debug\main.obj
       Manifest:
         Deleting file "Debug\systemc01.exe.embed.manifest".
         C:\Program Files (x86)\Microsoft SDKs\Windows\v7.0A\bin\mt.exe /nologo /verbose /out:"Debug\systemc01.exe.embed.manifest" /manifest Debug\systemc01.exe.intermediate.manifest
         C:\Program Files (x86)\Microsoft SDKs\Windows\v7.0A\bin\rc.exe /nologo /fo"Debug\systemc01.exe.embed.manifest.res" Debug\systemc01_manifest.rc 
       LinkEmbedManifest:
         C:\Program Files (x86)\Microsoft Visual Studio 10.0\VC\bin\link.exe /ERRORREPORT:PROMPT /OUT:"C:\Users\Andrei\Dropbox\Projects\systemc01\Debug\systemc01.exe" /INCREMENTAL /NOLOGO /LIBPATH:"c:\Users\Andrei\systemc-2.2.0\msvc71\SystemC\Debug" SystemC.lib kernel32.lib user32.lib gdi32.lib winspool.lib comdlg32.lib advapi32.lib shell32.lib ole32.lib oleaut32.lib uuid.lib odbc32.lib odbccp32.lib /MANIFEST /ManifestFile:"Debug\systemc01.exe.intermediate.manifest" /MANIFESTUAC:"level='asInvoker' uiAccess='false'" /DEBUG /PDB:"C:\Users\Andrei\Dropbox\Projects\systemc01\Debug\systemc01.pdb" /SUBSYSTEM:CONSOLE /TLBID:1 /DYNAMICBASE /NXCOMPAT /IMPLIB:"C:\Users\Andrei\Dropbox\Projects\systemc01\Debug\systemc01.lib" /MACHINE:X86 Debug\systemc01.exe.embed.manifest.res
         Debug\main.obj
         systemc01.vcxproj -> C:\Users\Andrei\Dropbox\Projects\systemc01\Debug\systemc01.exe
       FinalizeBuildStatus:
         Deleting file "Debug\systemc01.unsuccessfulbuild".
         Touching "Debug\systemc01.lastbuildstate".
     1>Done Building Project "C:\Users\Andrei\Dropbox\Projects\systemc01\systemc01\systemc01.vcxproj" (rebuild target(s)).

Build succeeded.

Time Elapsed 00:00:06.40
